<?xml version="1.0" encoding="UTF-8"?>
<!-- Generated by org.testng.reporters.JUnitReportReporter -->
<testsuite hostname="Haritha" failures="0" tests="2" name="GettingStarted.MySecondAPICall" time="3.542" errors="0" timestamp="2024-07-17T12:43:36 CDT" skipped="0">
  <testcase classname="GettingStarted.MySecondAPICall" name="getUserPresent" time="0.189"/>
  <testcase classname="GettingStarted.MySecondAPICall" name="getListOfUsers" time="3.353"/>
</testsuite> <!-- GettingStarted.MySecondAPICall -->
