<?xml version="1.0" encoding="UTF-8"?>
<!-- Generated by org.testng.reporters.JUnitReportReporter -->
<testsuite hostname="Haritha" failures="0" tests="6" name="GettingStarted.LombokHotelBookerAPI" time="3.178" errors="0" timestamp="2024-08-13T10:21:46 CDT" skipped="0">
  <testcase classname="GettingStarted.LombokHotelBookerAPI" name="createToken" time="1.746"/>
  <testcase classname="GettingStarted.LombokHotelBookerAPI" name="createBooking" time="0.297"/>
  <testcase classname="GettingStarted.LombokHotelBookerAPI" name="getBooking" time="0.338"/>
  <testcase classname="GettingStarted.LombokHotelBookerAPI" name="updateBooking" time="0.272"/>
  <testcase classname="GettingStarted.LombokHotelBookerAPI" name="partialupdateBooking" time="0.264"/>
  <testcase classname="GettingStarted.LombokHotelBookerAPI" name="deleteBooking" time="0.261"/>
</testsuite> <!-- GettingStarted.LombokHotelBookerAPI -->
