<?xml version="1.0" encoding="UTF-8"?>
<!-- Generated by org.testng.reporters.JUnitReportReporter -->
<testsuite hostname="Haritha" failures="0" tests="8" name="GettingStarted.DDTHotelBookerAPI" time="5.310" errors="0" timestamp="2024-08-06T12:09:26 CDT" skipped="0">
  <testcase classname="GettingStarted.DDTHotelBookerAPI" name="createToken" time="3.120"/>
  <testcase classname="GettingStarted.DDTHotelBookerAPI" name="createBooking" time="0.318"/>
  <testcase classname="GettingStarted.DDTHotelBookerAPI" name="createBooking" time="0.341"/>
  <testcase classname="GettingStarted.DDTHotelBookerAPI" name="createBooking" time="0.299"/>
  <testcase classname="GettingStarted.DDTHotelBookerAPI" name="getBooking" time="0.303"/>
  <testcase classname="GettingStarted.DDTHotelBookerAPI" name="updateBooking" time="0.330"/>
  <testcase classname="GettingStarted.DDTHotelBookerAPI" name="partialupdateBooking" time="0.316"/>
  <testcase classname="GettingStarted.DDTHotelBookerAPI" name="deleteBooking" time="0.283"/>
</testsuite> <!-- GettingStarted.DDTHotelBookerAPI -->
