<?xml version="1.0" encoding="UTF-8"?>
<!-- Generated by org.testng.reporters.JUnitReportReporter -->
<testsuite hostname="Haritha" failures="0" tests="6" name="GettingStarted.RequestResponse" time="6.240" errors="0" timestamp="2024-07-25T22:11:38 CDT" skipped="0">
  <testcase classname="GettingStarted.RequestResponse" name="createToken" time="4.689"/>
  <testcase classname="GettingStarted.RequestResponse" name="createBooking" time="0.336"/>
  <testcase classname="GettingStarted.RequestResponse" name="getBooking" time="0.322"/>
  <testcase classname="GettingStarted.RequestResponse" name="updateBooking" time="0.315"/>
  <testcase classname="GettingStarted.RequestResponse" name="partialupdateBooking" time="0.288"/>
  <testcase classname="GettingStarted.RequestResponse" name="deleteBooking" time="0.290"/>
</testsuite> <!-- GettingStarted.RequestResponse -->
