<?xml version="1.0" encoding="UTF-8"?>
<!-- Generated by org.testng.reporters.JUnitReportReporter -->
<testsuite hostname="Haritha" failures="0" tests="6" name="GettingStarted.LombokHotelBookerAPI" time="3.180" errors="0" timestamp="2024-08-13T10:27:43 CDT" skipped="0">
  <testcase classname="GettingStarted.LombokHotelBookerAPI" name="createToken" time="1.833"/>
  <testcase classname="GettingStarted.LombokHotelBookerAPI" name="createBooking" time="0.287"/>
  <testcase classname="GettingStarted.LombokHotelBookerAPI" name="getBooking" time="0.289"/>
  <testcase classname="GettingStarted.LombokHotelBookerAPI" name="updateBooking" time="0.260"/>
  <testcase classname="GettingStarted.LombokHotelBookerAPI" name="partialupdateBooking" time="0.255"/>
  <testcase classname="GettingStarted.LombokHotelBookerAPI" name="deleteBooking" time="0.256"/>
</testsuite> <!-- GettingStarted.LombokHotelBookerAPI -->
