<?xml version="1.0" encoding="UTF-8"?>
<!-- Generated by org.testng.reporters.JUnitReportReporter -->
<testsuite hostname="Haritha" failures="0" tests="1" name="GettingStarted.TestInBDDusingMatchers" time="3.566" errors="0" timestamp="2024-07-22T10:48:01 CDT" skipped="0">
  <testcase classname="GettingStarted.TestInBDDusingMatchers" name="getUsers" time="3.566"/>
</testsuite> <!-- GettingStarted.TestInBDDusingMatchers -->
