<?xml version="1.0" encoding="UTF-8"?>
<!-- Generated by org.testng.reporters.JUnitReportReporter -->
<testsuite hostname="Haritha" failures="0" tests="1" name="GettingStarted.TestInBDD" time="2.615" errors="0" timestamp="2024-07-22T17:10:51 CDT" skipped="0">
  <testcase classname="GettingStarted.TestInBDD" name="getUsers" time="2.615"/>
</testsuite> <!-- GettingStarted.TestInBDD -->
