<?xml version="1.0" encoding="UTF-8"?>
<!-- Generated by org.testng.reporters.JUnitReportReporter -->
<testsuite hostname="Haritha" failures="0" tests="2" name="GettingStarted.CreateBookingUsingObjectMapperDDT" time="2.665" errors="0" timestamp="2024-08-21T11:09:03 CDT" skipped="0">
  <testcase classname="GettingStarted.CreateBookingUsingObjectMapperDDT" name="createToken" time="1.532"/>
  <testcase classname="GettingStarted.CreateBookingUsingObjectMapperDDT" name="createBooking" time="1.133"/>
</testsuite> <!-- GettingStarted.CreateBookingUsingObjectMapperDDT -->
