<?xml version="1.0" encoding="UTF-8"?>
<!-- Generated by org.testng.reporters.JUnitReportReporter -->
<testsuite hostname="Haritha" failures="0" tests="1" name="GettingStarted.SchemaValidationInRestAssured" time="3.669" errors="0" timestamp="2024-08-21T19:51:22 CDT" skipped="0">
  <testcase classname="GettingStarted.SchemaValidationInRestAssured" name="gettokenSchmaValidation" time="3.669"/>
</testsuite> <!-- GettingStarted.SchemaValidationInRestAssured -->
