<?xml version="1.0" encoding="UTF-8"?>
<!-- Generated by org.testng.reporters.JUnitReportReporter -->
<testsuite hostname="Haritha" failures="0" tests="2" name="GettingStarted.POJOHotelBookerAPIDserztn" time="2.928" errors="0" timestamp="2024-08-09T16:58:47 CDT" skipped="0">
  <testcase classname="GettingStarted.POJOHotelBookerAPIDserztn" name="createToken" time="2.572"/>
  <testcase classname="GettingStarted.POJOHotelBookerAPIDserztn" name="createBooking" time="0.356"/>
</testsuite> <!-- GettingStarted.POJOHotelBookerAPIDserztn -->
