<?xml version="1.0" encoding="UTF-8"?>
<!-- Generated by org.testng.reporters.JUnitReportReporter -->
<testsuite hostname="Haritha" failures="0" tests="6" name="GettingStarted.POJOHotelBookerAPI" time="4.948" errors="0" timestamp="2024-08-05T21:05:48 CDT" skipped="0">
  <testcase classname="GettingStarted.POJOHotelBookerAPI" name="createToken" time="3.400"/>
  <testcase classname="GettingStarted.POJOHotelBookerAPI" name="createBooking" time="0.326"/>
  <testcase classname="GettingStarted.POJOHotelBookerAPI" name="getBooking" time="0.326"/>
  <testcase classname="GettingStarted.POJOHotelBookerAPI" name="updateBooking" time="0.311"/>
  <testcase classname="GettingStarted.POJOHotelBookerAPI" name="partialupdateBooking" time="0.299"/>
  <testcase classname="GettingStarted.POJOHotelBookerAPI" name="deleteBooking" time="0.286"/>
</testsuite> <!-- GettingStarted.POJOHotelBookerAPI -->
