<?xml version="1.0" encoding="UTF-8"?>
<!-- Generated by org.testng.reporters.JUnitReportReporter -->
<testsuite hostname="Haritha" failures="0" tests="6" name="GettingStarted.HotelBookerAPI" time="5.361" errors="0" timestamp="2024-07-22T10:47:40 CDT" skipped="0">
  <testcase classname="GettingStarted.HotelBookerAPI" name="createToken" time="3.710"/>
  <testcase classname="GettingStarted.HotelBookerAPI" name="createBooking" time="0.332"/>
  <testcase classname="GettingStarted.HotelBookerAPI" name="getBooking" time="0.474"/>
  <testcase classname="GettingStarted.HotelBookerAPI" name="updateBooking" time="0.303"/>
  <testcase classname="GettingStarted.HotelBookerAPI" name="partialupdateBooking" time="0.282"/>
  <testcase classname="GettingStarted.HotelBookerAPI" name="deleteBooking" time="0.260"/>
</testsuite> <!-- GettingStarted.HotelBookerAPI -->
