<?xml version="1.0" encoding="UTF-8"?>
<!-- Generated by org.testng.reporters.JUnitReportReporter -->
<testsuite hostname="Haritha" failures="0" tests="6" name="GettingStarted.JsonFileHotelBookerAPI" time="2.649" errors="0" timestamp="2024-07-26T20:51:47 CDT" skipped="0">
  <testcase classname="GettingStarted.JsonFileHotelBookerAPI" name="createToken" time="1.353"/>
  <testcase classname="GettingStarted.JsonFileHotelBookerAPI" name="createBooking" time="0.268"/>
  <testcase classname="GettingStarted.JsonFileHotelBookerAPI" name="getBooking" time="0.264"/>
  <testcase classname="GettingStarted.JsonFileHotelBookerAPI" name="updateBooking" time="0.259"/>
  <testcase classname="GettingStarted.JsonFileHotelBookerAPI" name="partialupdateBooking" time="0.258"/>
  <testcase classname="GettingStarted.JsonFileHotelBookerAPI" name="deleteBooking" time="0.247"/>
</testsuite> <!-- GettingStarted.JsonFileHotelBookerAPI -->
