<?xml version="1.0" encoding="UTF-8"?>
<!-- Generated by org.testng.reporters.JUnitReportReporter -->
<testsuite hostname="Haritha" failures="0" tests="6" name="GettingStarted.LombokHotelBookerAPI" time="4.804" errors="0" timestamp="2024-08-21T22:19:17 CDT" skipped="0">
  <testcase classname="GettingStarted.LombokHotelBookerAPI" name="createToken" time="3.353"/>
  <testcase classname="GettingStarted.LombokHotelBookerAPI" name="createBooking" time="0.321"/>
  <testcase classname="GettingStarted.LombokHotelBookerAPI" name="getBooking" time="0.282"/>
  <testcase classname="GettingStarted.LombokHotelBookerAPI" name="updateBooking" time="0.295"/>
  <testcase classname="GettingStarted.LombokHotelBookerAPI" name="partialupdateBooking" time="0.278"/>
  <testcase classname="GettingStarted.LombokHotelBookerAPI" name="deleteBooking" time="0.275"/>
</testsuite> <!-- GettingStarted.LombokHotelBookerAPI -->
