<?xml version="1.0" encoding="UTF-8"?>
<!-- Generated by org.testng.reporters.JUnitReportReporter -->
<testsuite hostname="Haritha" failures="0" tests="6" name="GettingStarted.HotelBookerAPI" time="3.960" errors="0" timestamp="2024-07-25T17:13:14 CDT" skipped="0">
  <testcase classname="GettingStarted.HotelBookerAPI" name="createToken" time="2.329"/>
  <testcase classname="GettingStarted.HotelBookerAPI" name="createBooking" time="0.402"/>
  <testcase classname="GettingStarted.HotelBookerAPI" name="getBooking" time="0.451"/>
  <testcase classname="GettingStarted.HotelBookerAPI" name="updateBooking" time="0.268"/>
  <testcase classname="GettingStarted.HotelBookerAPI" name="partialupdateBooking" time="0.257"/>
  <testcase classname="GettingStarted.HotelBookerAPI" name="deleteBooking" time="0.253"/>
</testsuite> <!-- GettingStarted.HotelBookerAPI -->
