<?xml version="1.0" encoding="UTF-8"?>
<!-- Generated by org.testng.reporters.JUnitReportReporter -->
<testsuite hostname="Haritha" failures="0" tests="6" name="GettingStarted.POJOHotelBookerAPI" time="4.806" errors="0" timestamp="2024-08-01T21:53:33 CDT" skipped="0">
  <testcase classname="GettingStarted.POJOHotelBookerAPI" name="createToken" time="3.234"/>
  <testcase classname="GettingStarted.POJOHotelBookerAPI" name="createBooking" time="0.348"/>
  <testcase classname="GettingStarted.POJOHotelBookerAPI" name="getBooking" time="0.327"/>
  <testcase classname="GettingStarted.POJOHotelBookerAPI" name="updateBooking" time="0.306"/>
  <testcase classname="GettingStarted.POJOHotelBookerAPI" name="partialupdateBooking" time="0.317"/>
  <testcase classname="GettingStarted.POJOHotelBookerAPI" name="deleteBooking" time="0.274"/>
</testsuite> <!-- GettingStarted.POJOHotelBookerAPI -->
