<?xml version="1.0" encoding="UTF-8"?>
<!-- Generated by org.testng.reporters.JUnitReportReporter -->
<testsuite hostname="Haritha" failures="0" tests="1" name="GettingStarted.MyFirstAPICall" time="2.790" errors="0" timestamp="2024-07-15T20:29:55 CDT" skipped="0">
  <testcase classname="GettingStarted.MyFirstAPICall" name="deleteUserTest" time="2.790"/>
</testsuite> <!-- GettingStarted.MyFirstAPICall -->
