<?xml version="1.0" encoding="UTF-8"?>
<!-- Generated by org.testng.reporters.JUnitReportReporter -->
<testsuite hostname="Haritha" failures="0" tests="6" name="GettingStarted.JsonFileHotelBookerAPI" time="2.764" errors="0" timestamp="2024-08-01T19:52:08 CDT" skipped="0">
  <testcase classname="GettingStarted.JsonFileHotelBookerAPI" name="createToken" time="1.448"/>
  <testcase classname="GettingStarted.JsonFileHotelBookerAPI" name="createBooking" time="0.285"/>
  <testcase classname="GettingStarted.JsonFileHotelBookerAPI" name="getBooking" time="0.263"/>
  <testcase classname="GettingStarted.JsonFileHotelBookerAPI" name="updateBooking" time="0.255"/>
  <testcase classname="GettingStarted.JsonFileHotelBookerAPI" name="partialupdateBooking" time="0.259"/>
  <testcase classname="GettingStarted.JsonFileHotelBookerAPI" name="deleteBooking" time="0.254"/>
</testsuite> <!-- GettingStarted.JsonFileHotelBookerAPI -->
