<?xml version="1.0" encoding="UTF-8"?>
<!-- Generated by org.testng.reporters.JUnitReportReporter -->
<testsuite hostname="Haritha" failures="0" tests="8" name="GettingStarted.DDTHotelBookerAPI" time="5.048" errors="0" timestamp="2024-08-06T12:03:49 CDT" skipped="0">
  <testcase classname="GettingStarted.DDTHotelBookerAPI" name="createToken" time="2.813"/>
  <testcase classname="GettingStarted.DDTHotelBookerAPI" name="createBooking" time="0.307"/>
  <testcase classname="GettingStarted.DDTHotelBookerAPI" name="createBooking" time="0.327"/>
  <testcase classname="GettingStarted.DDTHotelBookerAPI" name="createBooking" time="0.308"/>
  <testcase classname="GettingStarted.DDTHotelBookerAPI" name="getBooking" time="0.372"/>
  <testcase classname="GettingStarted.DDTHotelBookerAPI" name="updateBooking" time="0.311"/>
  <testcase classname="GettingStarted.DDTHotelBookerAPI" name="partialupdateBooking" time="0.301"/>
  <testcase classname="GettingStarted.DDTHotelBookerAPI" name="deleteBooking" time="0.309"/>
</testsuite> <!-- GettingStarted.DDTHotelBookerAPI -->
